<?xml version="1.0" encoding="UTF-8"?>
<!-- Generated by org.testng.reporters.JUnitReportReporter -->
<testsuite skipped="1" hostname="Milenas-MacBook-Pro.local" name="com.syntax.testcases.LoginPageTest" tests="3" failures="0" timestamp="14 Jun 2019 03:26:04 GMT" time="10.855" errors="0">
  <testcase name="doLogin" time="6.571" classname="com.syntax.testcases.LoginPageTest"/>
  <testcase name="negativeLogin" time="4.284" classname="com.syntax.testcases.LoginPageTest"/>
  <testcase name="loginToOrangeHRM" classname="com.syntax.testcases.LoginPageTest">
    <skipped/>
  </testcase> <!-- loginToOrangeHRM -->
</testsuite> <!-- com.syntax.testcases.LoginPageTest -->
