<?xml version="1.0" encoding="UTF-8"?>
<!-- Generated by org.testng.reporters.JUnitReportReporter -->
<testsuite skipped="0" hostname="Milenas-MacBook-Pro.local" name="com.syntax.practice.ExcelLocation" tests="1" failures="0" timestamp="16 Jun 2019 02:35:23 GMT" time="0.650" errors="0">
  <testcase name="readExcel" time="0.650" classname="com.syntax.practice.ExcelLocation"/>
</testsuite> <!-- com.syntax.practice.ExcelLocation -->
