<?xml version="1.0" encoding="UTF-8"?>
<!-- Generated by org.testng.reporters.JUnitReportReporter -->
<testsuite skipped="0" hostname="Milenas-MacBook-Pro.local" name="com.syntax.practice.ExcelFunctionsTest2" tests="1" failures="0" timestamp="16 Jun 2019 05:20:35 GMT" time="0.724" errors="0">
  <testcase name="excelTest" time="0.724" classname="com.syntax.practice.ExcelFunctionsTest2"/>
</testsuite> <!-- com.syntax.practice.ExcelFunctionsTest2 -->
