<?xml version="1.0" encoding="UTF-8"?>
<!-- Generated by org.testng.reporters.JUnitReportReporter -->
<testsuite skipped="0" hostname="Milenas-MacBook-Pro.local" name="com.syntax.practice.ExcelRiview" tests="1" failures="0" timestamp="16 Jun 2019 02:41:30 GMT" time="0.878" errors="0">
  <testcase name="readExcel" time="0.878" classname="com.syntax.practice.ExcelRiview"/>
</testsuite> <!-- com.syntax.practice.ExcelRiview -->
