<?xml version="1.0" encoding="UTF-8"?>
<!-- Generated by org.testng.reporters.JUnitReportReporter -->
<testsuite skipped="0" hostname="Milenas-MacBook-Pro.local" name="com.syntax.testcases.AddEmployeePageTest2" tests="3" failures="0" timestamp="15 Jun 2019 03:52:41 GMT" time="50.903" errors="0">
  <testcase name="addEmployee" time="17.242" classname="com.syntax.testcases.AddEmployeePageTest2"/>
  <testcase name="addEmployee" time="17.431" classname="com.syntax.testcases.AddEmployeePageTest2"/>
  <testcase name="addEmployee" time="16.230" classname="com.syntax.testcases.AddEmployeePageTest2"/>
</testsuite> <!-- com.syntax.testcases.AddEmployeePageTest2 -->
