<?xml version="1.0" encoding="UTF-8"?>
<!-- Generated by org.testng.reporters.JUnitReportReporter -->
<testsuite skipped="0" hostname="Milenas-MacBook-Pro.local" name="com.syntax.testcases.LoginPageTest" tests="1" failures="0" timestamp="08 Jun 2019 18:53:29 GMT" time="8.034" errors="0">
  <testcase name="loginToOrangeHRM" time="8.034" classname="com.syntax.testcases.LoginPageTest"/>
</testsuite> <!-- com.syntax.testcases.LoginPageTest -->
