<?xml version="1.0" encoding="UTF-8"?>
<!-- Generated by org.testng.reporters.JUnitReportReporter -->
<testsuite skipped="1" hostname="Milenas-MacBook-Pro.local" name="com.syntax.testcases.AddEmployeePageTest2" tests="1" failures="0" timestamp="16 Jun 2019 03:21:14 GMT" time="0.000" errors="0">
  <testcase name="addEmployee" time="0.000" classname="com.syntax.testcases.AddEmployeePageTest2">
    <skipped/>
  </testcase> <!-- addEmployee -->
</testsuite> <!-- com.syntax.testcases.AddEmployeePageTest2 -->
