<?xml version="1.0" encoding="UTF-8"?>
<!-- Generated by org.testng.reporters.JUnitReportReporter -->
<testsuite skipped="0" hostname="Milenas-MacBook-Pro.local" name="com.syntax.testcases.LoginPageTest" tests="1" failures="0" timestamp="15 Jun 2019 22:16:13 GMT" time="5.377" errors="0">
  <testcase name="negativeLogin" time="5.377" classname="com.syntax.testcases.LoginPageTest"/>
</testsuite> <!-- com.syntax.testcases.LoginPageTest -->
