<?xml version="1.0" encoding="UTF-8"?>
<!-- Generated by org.testng.reporters.JUnitReportReporter -->
<testsuite skipped="0" hostname="Milenas-MacBook-Pro.local" name="com.syntax.testcases.AddLocationPageTest" tests="4" failures="0" timestamp="16 Jun 2019 03:07:05 GMT" time="84.940" errors="0">
  <testcase name="addLocation" time="19.128" classname="com.syntax.testcases.AddLocationPageTest"/>
  <testcase name="addLocation" time="22.004" classname="com.syntax.testcases.AddLocationPageTest"/>
  <testcase name="addLocation" time="20.227" classname="com.syntax.testcases.AddLocationPageTest"/>
  <testcase name="addLocation" time="23.581" classname="com.syntax.testcases.AddLocationPageTest"/>
</testsuite> <!-- com.syntax.testcases.AddLocationPageTest -->
