<?xml version="1.0" encoding="UTF-8"?>
<!-- Generated by org.testng.reporters.JUnitReportReporter -->
<testsuite skipped="0" hostname="Milenas-MacBook-Pro.local" name="com.syntax.testcases.ExcelDemo2" tests="1" failures="0" timestamp="15 Jun 2019 05:07:40 GMT" time="0.700" errors="0">
  <testcase name="readExcel" time="0.700" classname="com.syntax.testcases.ExcelDemo2"/>
</testsuite> <!-- com.syntax.testcases.ExcelDemo2 -->
