<?xml version="1.0" encoding="UTF-8"?>
<!-- Generated by org.testng.reporters.JUnitReportReporter -->
<testsuite skipped="1" hostname="Milenas-MacBook-Pro.local" name="com.syntax.testcases.LoginPageTest2" tests="3" failures="0" timestamp="15 Jun 2019 01:22:51 GMT" time="10.632" errors="0">
  <testcase name="negativeLogin" time="4.384" classname="com.syntax.testcases.LoginPageTest2"/>
  <testcase name="doLogin" time="6.248" classname="com.syntax.testcases.LoginPageTest2"/>
  <testcase name="loginToOrangeHRM" classname="com.syntax.testcases.LoginPageTest2">
    <skipped/>
  </testcase> <!-- loginToOrangeHRM -->
</testsuite> <!-- com.syntax.testcases.LoginPageTest2 -->
