<?xml version="1.0" encoding="UTF-8"?>
<!-- Generated by org.testng.reporters.JUnitReportReporter -->
<testsuite skipped="0" hostname="Milenas-MacBook-Pro.local" name="com.syntax.practice.ExcelWriteDemo2" tests="1" failures="0" timestamp="16 Jun 2019 04:08:01 GMT" time="0.975" errors="0">
  <testcase name="writeExcel" time="0.975" classname="com.syntax.practice.ExcelWriteDemo2"/>
</testsuite> <!-- com.syntax.practice.ExcelWriteDemo2 -->
