<?xml version="1.0" encoding="UTF-8"?>
<!-- Generated by org.testng.reporters.JUnitReportReporter -->
<testsuite skipped="0" hostname="Milenas-MacBook-Pro.local" name="com.syntax.practice.ExcelFunctionsTest" tests="1" failures="0" timestamp="16 Jun 2019 04:32:01 GMT" time="0.868" errors="0">
  <testcase name="excelTest" time="0.868" classname="com.syntax.practice.ExcelFunctionsTest"/>
</testsuite> <!-- com.syntax.practice.ExcelFunctionsTest -->
