<?xml version="1.0" encoding="UTF-8"?>
<!-- Generated by org.testng.reporters.JUnitReportReporter -->
<testsuite skipped="1" hostname="Milenas-MacBook-Pro.local" name="com.syntax.testcases.LoginPageTest2" tests="2" failures="0" timestamp="16 Jun 2019 19:15:28 GMT" time="5.999" errors="0">
  <testcase name="doLogin" time="5.999" classname="com.syntax.testcases.LoginPageTest2"/>
  <testcase name="loginToOrangeHRM" classname="com.syntax.testcases.LoginPageTest2">
    <skipped/>
  </testcase> <!-- loginToOrangeHRM -->
</testsuite> <!-- com.syntax.testcases.LoginPageTest2 -->
